1
1740
168 29
167 30
166 30
165 31
164 31
163 31
162 31
161 32
160 32
159 32
158 32
157 32
156 32
155 32
154 32
153 32
152 32
151 32
150 32
149 32
148 32
147 32
146 32
145 32
144 33
143 33
142 33
141 34
140 34
139 34
138 34
137 34
136 34
135 35
134 35
133 36
132 36
131 36
130 37
129 38
128 38
127 38
126 38
125 38
124 38
123 39
122 40
121 41
120 41
119 41
118 42
117 43
116 43
115 44
114 45
113 46
112 46
111 47
110 48
109 49
108 50
107 51
106 52
105 53
105 54
104 55
103 56
102 57
102 58
102 59
101 60
101 61
101 62
101 63
100 64
100 65
100 66
100 67
100 68
99 69
99 70
99 71
99 72
99 73
99 74
99 75
99 76
99 77
99 78
99 79
100 80
100 81
100 82
101 83
101 84
102 85
102 86
102 87
102 88
102 89
103 90
104 91
104 92
105 93
106 94
107 95
108 96
108 97
108 98
108 99
109 100
110 101
110 102
111 103
112 104
113 105
114 106
114 107
115 108
116 109
116 110
117 111
118 112
119 113
120 114
121 115
122 116
123 117
124 118
125 119
125 120
126 121
127 122
128 123
129 124
130 125
131 126
132 127
133 128
133 129
134 130
135 131
136 132
137 133
138 134
139 135
140 136
141 137
142 138
143 139
144 139
145 140
146 140
147 140
148 141
149 141
150 142
151 143
152 144
153 145
154 146
155 147
155 148
155 149
155 150
155 151
155 152
155 153
155 154
155 155
156 156
156 157
156 158
157 159
158 160
159 161
160 162
161 163
161 164
162 165
163 166
163 167
164 168
165 169
166 170
167 171
168 172
168 173
169 174
169 175
170 176
171 177
172 178
172 179
172 180
173 181
174 182
175 183
175 184
176 185
176 186
177 187
177 188
177 189
178 190
178 191
179 192
179 193
180 194
181 195
181 196
181 197
182 198
182 199
182 200
183 201
183 202
183 203
184 204
185 205
185 206
185 207
186 208
187 209
188 210
189 211
189 212
189 213
189 214
189 215
189 216
189 217
189 218
190 219
191 220
192 221
193 221
194 221
195 222
196 223
197 224
198 225
199 226
200 227
200 228
200 229
200 230
200 231
199 232
198 232
197 233
196 233
195 233
194 234
193 235
193 236
193 237
193 238
193 239
193 240
193 241
194 242
194 243
194 244
195 245
195 246
196 247
196 248
196 249
196 250
197 251
197 252
197 253
198 254
198 255
199 256
200 257
201 257
202 258
203 259
204 260
205 260
206 261
207 262
208 263
209 264
210 265
210 266
211 267
212 268
212 269
213 270
213 271
214 272
214 273
214 274
214 275
214 276
214 277
214 278
214 279
215 280
215 281
215 282
215 283
216 284
216 285
216 286
216 287
216 288
216 289
216 290
216 291
215 292
215 293
215 294
215 295
215 296
214 297
214 298
214 299
213 300
213 301
212 302
212 303
212 304
212 305
212 306
212 307
212 308
212 309
212 310
212 311
212 312
212 313
212 314
212 315
212 316
213 317
214 318
214 319
215 320
215 321
216 322
216 323
217 324
217 325
217 326
217 327
217 328
217 329
216 330
215 331
214 331
213 331
212 331
211 331
210 331
209 331
208 331
207 331
206 331
205 331
204 331
203 331
202 332
201 332
200 332
199 332
198 332
197 333
196 333
195 334
195 335
194 336
193 337
193 338
193 339
192 340
192 341
191 342
191 343
191 344
190 345
189 346
189 347
189 348
189 349
188 350
187 351
186 352
186 353
186 354
185 355
185 356
184 357
184 358
184 359
183 360
183 361
183 362
182 363
182 364
182 365
182 366
183 367
184 368
185 369
186 369
187 369
188 369
189 369
190 369
191 369
192 370
193 371
194 372
194 373
194 374
194 375
194 376
194 377
194 378
194 379
193 380
192 381
192 382
191 383
190 384
189 384
188 384
187 384
186 384
185 384
184 385
183 385
182 385
181 385
180 385
179 386
178 387
177 387
176 387
175 388
174 388
173 389
172 390
171 391
170 392
170 393
170 394
169 395
168 396
167 397
166 398
166 399
166 400
166 401
165 402
164 403
163 404
162 405
161 406
160 407
159 408
158 409
157 410
156 411
155 412
154 413
153 414
152 415
151 416
150 417
149 418
148 419
147 420
146 421
145 422
144 423
143 424
142 424
141 425
140 425
139 425
138 426
137 427
136 428
135 429
134 430
133 431
132 431
131 432
130 433
130 434
130 435
130 436
130 437
130 438
130 439
131 440
132 441
132 442
132 443
132 444
132 445
132 446
132 447
132 448
132 449
132 450
132 451
132 452
132 453
132 454
132 455
132 456
132 457
132 458
132 459
133 460
134 461
135 462
136 463
136 464
136 465
137 466
138 467
139 468
140 469
141 470
142 471
143 472
144 473
145 474
146 475
147 476
148 477
149 477
150 478
151 478
152 478
153 479
154 479
155 480
156 480
157 480
158 480
159 481
160 482
161 482
162 482
163 483
164 483
165 484
166 484
167 484
168 485
169 486
170 486
171 486
172 487
173 487
174 487
175 487
176 488
177 489
178 489
179 490
180 490
181 490
182 491
183 491
184 491
185 492
186 493
187 493
188 493
189 493
190 494
191 494
192 494
193 494
194 494
195 494
196 494
197 494
198 494
199 494
200 494
201 494
202 495
203 495
204 495
205 495
206 495
207 496
208 497
209 498
210 499
211 499
212 500
213 500
214 501
215 501
216 501
217 502
218 503
219 503
220 503
221 503
222 504
223 504
224 505
225 505
226 505
227 505
228 505
229 506
230 507
231 507
232 508
233 508
234 508
235 508
236 508
237 508
238 508
239 508
240 509
241 509
242 509
243 509
244 510
245 511
246 512
247 512
248 513
249 513
250 513
251 513
252 513
253 513
254 513
255 513
256 513
257 513
258 513
259 513
260 513
261 513
262 513
263 513
264 514
265 515
266 515
267 516
268 516
269 516
270 516
271 516
272 517
273 517
274 517
275 517
276 517
277 517
278 517
279 517
280 517
281 517
282 517
283 517
284 517
285 517
286 517
287 516
288 516
289 516
290 515
291 514
292 513
293 512
294 511
295 511
296 511
297 511
298 511
299 511
300 511
301 511
302 511
303 511
304 511
305 511
306 511
307 511
308 511
309 511
310 511
311 511
312 511
313 511
314 511
315 511
316 511
317 511
318 511
319 511
320 511
321 511
322 511
323 511
324 511
325 511
326 511
327 511
328 511
329 511
330 511
331 511
332 511
333 511
334 511
335 511
336 511
337 511
338 511
339 511
340 511
341 511
342 511
343 511
344 511
345 511
346 511
347 511
348 511
349 511
350 511
351 511
352 511
353 511
354 511
355 511
356 511
357 511
358 511
359 511
360 511
361 511
362 511
363 511
364 511
365 511
366 512
367 512
368 513
369 513
370 513
371 513
372 513
373 513
374 514
375 514
376 514
377 514
378 514
379 514
380 514
381 514
382 514
383 514
384 514
385 514
386 514
387 514
388 515
389 515
390 515
391 515
392 515
393 515
394 515
395 515
396 515
397 515
398 515
399 515
400 515
401 515
402 515
403 515
404 515
405 515
406 515
407 515
408 515
409 515
410 515
411 515
412 515
413 516
414 516
415 516
416 517
417 517
418 517
419 517
420 517
421 517
422 517
423 517
424 517
425 517
426 517
427 517
428 517
429 517
430 517
431 517
432 517
433 517
434 517
435 518
436 518
437 519
438 519
439 519
440 519
441 519
442 519
443 519
444 519
445 519
446 519
447 519
448 519
449 518
450 518
451 518
452 518
453 518
454 518
455 518
456 518
457 518
458 519
459 519
460 519
461 519
462 519
463 519
464 519
465 519
466 519
467 519
468 519
469 519
470 519
471 519
472 520
473 521
474 522
475 522
476 522
477 522
478 522
479 522
480 522
481 522
482 522
483 521
484 521
485 521
486 521
487 521
488 521
489 521
490 521
491 521
492 521
493 521
494 521
495 521
496 521
497 521
498 521
499 521
500 521
501 521
502 521
503 521
504 521
505 521
506 521
507 521
508 521
509 521
510 521
511 521
512 521
513 521
514 521
515 521
516 522
517 522
518 523
519 523
520 523
521 523
522 523
523 523
524 523
525 523
526 523
527 523
528 523
529 523
530 523
531 523
532 523
533 522
534 522
535 522
536 522
537 522
538 522
539 522
540 522
541 522
542 522
543 522
544 522
545 522
546 522
547 522
548 522
549 523
550 523
551 523
552 523
553 523
554 523
555 523
556 523
557 523
558 523
559 523
560 523
561 523
562 523
563 523
564 523
565 523
566 523
567 523
568 523
569 523
570 523
571 523
572 523
573 523
574 523
575 523
576 523
577 523
578 523
579 523
580 523
581 523
582 523
583 523
584 523
585 523
586 523
587 524
588 524
589 524
590 524
591 524
592 524
593 524
594 524
595 524
596 524
597 524
598 524
599 524
600 524
601 523
602 523
603 523
604 522
605 522
606 522
607 522
608 522
609 521
610 521
611 521
612 521
613 521
614 521
615 521
616 521
617 520
618 520
619 520
620 519
621 519
622 519
623 519
624 519
625 519
626 519
627 519
628 518
629 518
630 517
631 517
632 517
633 517
634 516
635 516
636 516
637 516
638 515
639 515
640 515
641 515
642 515
643 514
644 514
645 514
646 513
647 513
648 513
649 513
650 513
651 512
652 512
653 512
654 512
655 512
656 512
657 512
658 512
659 512
660 512
661 513
662 514
663 515
663 516
663 517
663 518
663 519
664 520
665 521
666 522
667 522
668 522
669 523
670 524
671 524
672 524
673 524
674 524
675 524
676 524
677 524
678 524
679 524
680 524
681 524
682 524
683 524
684 525
685 525
686 525
687 525
688 525
689 525
690 525
691 525
692 525
693 525
694 525
695 525
696 525
697 525
698 525
699 525
700 525
701 525
702 525
703 524
704 524
705 523
706 522
707 521
708 520
708 519
708 518
708 517
708 516
708 515
708 514
708 513
707 512
706 511
705 510
705 509
705 508
705 507
705 506
705 505
705 504
705 503
705 502
705 501
705 500
705 499
705 498
705 497
705 496
705 495
705 494
705 493
705 492
705 491
705 490
705 489
705 488
705 487
705 486
705 485
705 484
705 483
705 482
705 481
705 480
705 479
705 478
705 477
705 476
705 475
705 474
705 473
705 472
705 471
704 470
703 469
702 469
701 468
700 467
699 466
698 465
697 464
696 463
695 462
694 462
693 461
692 461
691 461
690 461
689 461
688 460
687 459
686 458
685 458
684 457
683 456
682 455
681 454
680 453
679 452
678 451
677 450
676 449
675 448
674 448
673 447
673 446
672 445
671 444
670 443
669 442
668 441
667 440
666 439
665 439
664 438
663 437
662 436
661 435
660 434
659 433
658 432
657 431
656 431
655 430
654 429
653 428
652 427
651 426
650 425
649 424
648 423
647 422
646 421
645 420
644 419
643 418
642 417
641 416
640 415
639 414
638 413
637 412
636 411
635 410
634 409
633 408
632 407
631 406
630 405
629 404
628 403
627 402
626 401
625 400
624 399
623 398
622 397
621 396
621 395
620 394
619 393
619 392
618 391
617 390
616 389
615 388
614 387
613 386
612 385
611 384
610 383
610 382
609 381
608 380
607 379
606 378
605 377
605 376
604 375
603 374
602 373
601 372
600 371
599 370
599 369
598 368
597 367
596 366
595 365
594 364
593 363
593 362
592 361
591 360
590 359
590 358
589 357
588 356
587 355
587 354
587 353
587 352
586 351
586 350
585 349
584 348
583 347
582 346
581 345
580 344
580 343
580 342
580 341
579 340
578 339
577 338
576 337
575 336
574 335
573 334
573 333
573 332
573 331
573 330
572 329
572 328
571 327
571 326
570 325
569 324
568 323
567 322
567 321
567 320
566 319
565 318
564 317
563 316
562 315
561 314
560 313
559 312
558 311
557 310
556 310
555 310
554 309
553 308
552 307
551 306
551 305
550 304
549 303
548 302
547 301
546 300
545 299
544 298
543 297
542 296
541 295
540 294
539 293
538 292
538 291
537 290
537 289
536 288
535 287
534 286
533 285
532 284
532 283
532 282
532 281
532 280
531 279
531 278
531 277
530 276
529 275
528 274
527 273
526 272
525 272
524 271
523 270
522 269
521 268
520 267
520 266
519 265
519 264
518 263
517 262
517 261
517 260
517 259
517 258
516 257
515 256
514 255
513 254
512 253
511 252
510 251
510 250
509 249
508 248
507 247
506 246
506 245
505 244
504 243
504 242
503 241
502 240
501 239
501 238
500 237
499 236
498 235
497 234
497 233
496 232
495 231
495 230
494 229
493 228
492 227
491 226
490 225
490 224
489 223
488 222
487 221
486 220
486 219
485 218
484 217
484 216
483 215
483 214
482 213
481 212
480 211
479 210
478 209
477 208
476 207
476 206
475 205
474 204
473 203
472 202
471 201
470 200
469 199
468 198
467 197
466 196
466 195
465 194
464 193
463 192
462 191
461 190
460 189
459 188
458 187
457 186
456 185
455 184
454 183
454 182
453 181
452 180
451 179
450 178
449 177
448 176
447 176
446 175
445 174
444 173
443 172
442 171
441 170
441 169
440 168
439 167
438 166
437 165
436 164
435 163
434 162
433 161
433 160
432 160
431 159
430 158
429 157
428 156
427 155
426 154
425 153
424 152
423 152
422 151
421 150
420 149
419 148
418 148
417 147
416 146
415 145
414 144
413 144
412 143
411 142
410 141
409 140
408 139
407 138
406 137
405 136
404 136
403 135
402 134
401 133
400 132
399 131
398 130
397 129
396 128
395 128
394 127
393 126
392 126
391 125
390 124
389 123
388 123
387 122
386 121
385 120
384 120
383 119
382 118
381 117
380 116
379 115
378 115
377 114
376 113
375 112
374 112
373 111
372 110
371 109
370 108
369 108
368 107
367 106
366 105
365 104
364 103
363 103
362 102
361 101
360 101
359 100
358 100
357 99
356 98
355 97
354 97
353 96
352 95
351 94
350 94
349 94
348 93
347 92
346 92
345 91
344 91
343 90
342 90
341 89
340 88
339 88
338 87
337 87
336 86
335 85
334 85
333 84
332 84
331 83
330 82
329 82
328 81
327 81
326 80
325 79
324 79
323 78
322 78
321 77
320 76
319 76
318 76
317 75
316 75
315 74
314 73
313 72
312 72
311 72
310 71
309 70
308 70
307 70
306 69
305 69
304 69
303 68
302 67
301 67
300 67
299 66
298 66
297 65
296 65
295 64
294 64
293 64
292 63
291 62
290 62
289 61
288 61
287 60
286 60
285 60
284 59
283 59
282 58
281 58
280 58
279 57
278 56
277 56
276 56
275 56
274 55
273 54
272 54
271 53
270 53
269 53
268 53
267 52
266 52
265 52
264 51
263 51
262 51
261 50
260 50
259 50
258 49
257 48
256 48
255 48
254 47
253 47
252 46
251 46
250 46
249 46
248 45
247 45
246 45
245 44
244 44
243 43
242 43
241 42
240 42
239 42
238 42
237 42
236 42
235 41
234 41
233 41
232 40
231 40
230 39
229 39
228 39
227 39
226 39
225 39
224 39
223 38
222 38
221 37
220 37
219 37
218 37
217 37
216 37
215 36
214 36
213 36
212 36
211 35
210 35
209 35
208 34
207 34
206 34
205 34
204 34
203 33
202 33
201 33
200 33
199 33
198 33
197 33
196 32
195 32
194 32
193 32
192 32
191 32
190 32
189 32
188 32
187 31
186 31
185 31
184 31
183 30
182 30
181 30
180 29
179 29
178 29
177 29
176 29
175 29
174 29
173 29
172 29
171 29
170 29
169 29
