4
1
413 256
2
410 252
411 253
2
168 184
169 184
826
153 27
152 28
151 28
150 29
149 29
148 30
147 31
146 32
146 33
145 34
145 35
145 36
146 37
147 37
148 38
148 39
148 40
147 41
148 42
148 43
148 44
148 45
147 46
147 47
146 48
146 49
146 50
146 51
147 52
148 53
149 54
150 55
151 56
151 57
152 58
151 59
152 59
153 60
153 61
154 62
155 63
155 64
156 65
157 66
157 67
158 68
159 69
159 70
160 71
161 72
162 73
162 74
163 75
164 75
165 76
165 77
165 78
166 79
166 80
166 81
166 82
167 83
167 84
167 85
168 86
168 87
168 88
169 89
169 90
169 91
170 92
170 93
171 94
171 95
172 96
173 97
173 98
174 99
174 100
174 101
174 102
174 103
175 104
176 105
177 106
178 107
179 108
179 109
180 110
180 111
179 112
178 113
178 114
179 115
179 116
179 117
179 118
179 119
179 120
179 121
180 122
181 123
182 124
183 125
182 126
181 127
181 128
182 129
182 130
181 131
180 132
179 133
179 134
179 135
180 136
179 137
180 136
181 137
182 138
183 139
184 140
184 141
185 142
185 143
185 144
185 145
185 146
185 147
184 148
183 148
183 149
183 150
182 151
181 152
180 153
179 154
179 155
179 156
180 157
181 158
182 159
183 160
184 161
185 162
186 163
187 163
188 163
189 164
190 164
191 165
192 166
193 166
194 167
195 167
196 168
197 169
197 170
198 171
197 172
196 173
195 173
194 173
193 173
192 173
191 173
190 173
189 173
188 173
187 173
186 173
185 173
184 173
183 172
182 172
181 171
180 171
179 170
178 170
177 170
176 171
176 172
175 173
174 174
174 175
173 176
173 177
172 178
172 179
172 180
172 181
171 182
171 183
171 184
171 185
170 186
169 187
168 188
167 189
166 190
165 191
165 192
165 193
164 194
163 195
162 195
162 196
161 197
160 198
159 199
158 200
157 201
156 202
155 203
154 204
153 205
152 206
151 206
150 206
149 207
148 207
147 208
146 208
145 209
144 209
143 210
142 210
141 211
140 211
139 212
138 212
137 212
136 213
135 213
134 213
133 214
132 214
131 215
130 216
129 216
128 216
127 216
126 216
125 216
124 216
123 217
122 217
121 217
120 217
119 218
118 218
117 219
116 219
115 219
114 220
115 220
116 221
116 222
116 223
116 224
116 225
117 226
117 227
118 228
119 229
120 230
121 231
122 231
123 231
124 231
125 231
126 231
127 231
128 231
129 231
130 231
131 231
132 231
133 231
134 230
135 230
136 230
137 230
138 230
139 231
140 231
141 231
142 231
143 231
144 231
145 231
146 231
147 232
148 232
149 232
150 232
151 232
152 232
153 233
154 233
155 233
156 233
157 234
158 234
159 234
160 234
161 234
162 234
163 234
164 234
165 234
166 234
167 234
168 235
169 235
170 235
171 235
172 235
173 235
174 235
175 235
176 236
177 236
178 236
179 237
180 237
181 238
182 238
183 238
184 238
185 238
186 238
187 239
188 239
189 239
190 240
191 240
192 240
193 240
194 240
195 241
196 241
197 241
198 242
199 242
200 243
201 244
202 244
203 244
204 244
205 244
206 245
207 245
208 246
209 246
210 246
211 247
212 247
213 247
214 247
215 247
216 248
217 248
218 248
219 249
220 250
221 250
222 250
223 251
224 251
225 251
226 251
227 252
228 252
229 252
230 253
231 253
232 254
233 254
234 254
235 254
236 254
237 255
238 256
239 256
240 256
241 256
242 256
243 257
244 257
245 258
246 259
247 259
248 260
249 261
250 261
251 261
252 261
253 261
254 262
255 263
256 263
257 263
258 263
259 263
260 263
261 264
262 264
263 264
264 265
265 265
266 265
267 265
268 265
269 264
270 263
271 262
271 261
271 260
271 259
271 258
271 257
271 256
271 255
272 254
273 253
274 252
275 252
276 252
277 252
278 252
279 253
280 254
281 254
282 254
283 254
284 254
285 255
286 255
287 255
288 255
289 255
290 255
291 255
292 255
293 255
294 255
295 255
296 256
297 257
298 258
299 259
300 260
301 261
302 261
303 261
304 261
305 262
306 263
307 263
308 263
309 264
310 265
311 265
312 266
313 266
314 267
315 267
316 267
317 267
318 268
319 268
320 269
321 269
322 269
323 270
324 271
325 271
326 272
327 272
328 272
329 272
330 272
331 273
332 273
333 273
334 273
335 273
336 273
337 273
338 273
339 273
340 273
341 273
342 273
343 273
344 273
345 273
346 273
347 273
348 273
349 273
350 273
351 273
352 272
353 271
354 271
355 271
356 271
357 271
358 271
359 271
360 271
361 271
362 271
363 271
364 271
365 271
366 271
367 271
368 271
369 270
370 269
371 268
372 267
373 266
374 265
375 264
376 263
377 262
378 261
379 260
380 259
381 258
382 257
383 256
384 255
385 254
386 253
387 252
388 251
389 250
390 249
391 248
392 247
393 247
394 247
395 246
396 245
397 244
398 243
399 242
399 241
400 240
401 241
400 240
399 239
398 238
397 237
396 236
396 235
395 234
394 233
393 232
393 231
392 230
391 229
390 228
390 227
389 226
388 225
387 224
386 223
385 222
384 221
383 220
383 219
382 218
381 217
380 216
379 215
378 214
377 213
376 212
375 211
374 210
373 209
372 208
371 207
370 206
369 205
368 204
367 203
366 202
365 201
364 200
363 199
362 198
361 197
360 196
359 195
358 194
357 193
356 192
355 191
355 190
354 189
353 188
352 187
351 186
350 185
349 184
349 183
348 182
347 181
346 180
345 179
344 178
343 177
343 176
342 175
341 174
340 173
339 172
339 171
338 170
337 169
336 168
335 167
335 166
334 165
333 164
332 163
331 162
331 161
330 160
329 159
328 158
327 157
327 156
326 155
325 154
324 153
324 152
323 151
322 150
321 149
320 148
319 147
319 146
318 145
318 144
317 143
316 142
315 141
314 140
313 139
312 138
311 137
311 136
310 135
309 134
309 133
308 132
307 131
306 130
306 129
305 128
304 127
305 126
304 125
303 125
302 124
301 123
300 122
299 121
299 120
298 119
297 118
296 117
295 116
295 115
294 114
293 113
293 112
292 111
291 110
290 109
289 108
288 107
287 106
286 105
286 104
285 103
284 102
283 101
282 100
281 99
280 98
279 97
278 96
277 95
276 94
276 93
275 92
274 91
273 90
272 89
271 88
270 87
269 86
268 85
267 84
266 83
265 82
264 81
263 80
262 79
261 78
260 77
259 76
258 75
257 74
256 73
255 72
254 71
253 70
252 69
251 68
250 67
249 67
248 66
247 66
246 65
245 64
244 63
243 62
242 61
241 60
240 59
239 59
238 58
237 57
236 57
235 56
234 55
233 55
232 54
231 53
230 52
229 51
228 51
227 50
226 50
225 49
224 48
223 48
222 48
221 47
220 46
219 45
218 45
217 44
217 43
216 44
215 43
214 43
213 42
212 42
211 41
210 40
209 40
208 39
207 39
206 39
205 38
204 37
203 37
202 36
201 36
200 35
199 35
198 35
197 34
196 34
195 33
194 33
193 33
192 33
191 32
190 32
189 31
188 31
187 31
186 31
185 30
184 30
183 29
182 29
181 29
180 29
179 29
178 28
177 28
176 28
175 28
174 28
173 28
172 28
171 27
170 27
169 27
168 27
167 27
166 27
165 27
164 27
163 27
162 27
161 27
160 27
159 27
158 27
157 27
156 27
155 27
154 27
